<html>
<head>
<title>TestNG:  Default test</title>
<link href="../testng.css" rel="stylesheet" type="text/css" />
<link href="../my-testng.css" rel="stylesheet" type="text/css" />

<style type="text/css">
.log { display: none;} 
.stack-trace { display: none;} 
</style>
<script type="text/javascript">
<!--
function flip(e) {
  current = e.style.display;
  if (current == 'block') {
    e.style.display = 'none';
    return 0;
  }
  else {
    e.style.display = 'block';
    return 1;
  }
}

function toggleBox(szDivId, elem, msg1, msg2)
{
  var res = -1;  if (document.getElementById) {
    res = flip(document.getElementById(szDivId));
  }
  else if (document.all) {
    // this is the way old msie versions work
    res = flip(document.all[szDivId]);
  }
  if(elem) {
    if(res == 0) elem.innerHTML = msg1; else elem.innerHTML = msg2;
  }

}

function toggleAllBoxes() {
  if (document.getElementsByTagName) {
    d = document.getElementsByTagName('div');
    for (i = 0; i < d.length; i++) {
      if (d[i].className == 'log') {
        flip(d[i]);
      }
    }
  }
}

// -->
</script>

</head>
<body>
<h2 align='center'>Default test</h2><table border='1' align="center">
<tr>
<td>Tests passed/Failed/Skipped:</td><td>0/1/0</td>
</tr><tr>
<td>Started on:</td><td>Mon Jul 04 08:59:21 IST 2022</td>
</tr>
<tr><td>Total time:</td><td>32 seconds (32171 ms)</td>
</tr><tr>
<td>Included groups:</td><td></td>
</tr><tr>
<td>Excluded groups:</td><td></td>
</tr>
</table><p/>
<small><i>(Hover the method name to see the test class name)</i></small><p/>
<table width='100%' border='1' class='invocation-failed'>
<tr><td colspan='4' align='center'><b>FAILED TESTS</b></td></tr>
<tr><td><b>Test method</b></td>
<td width="30%"><b>Exception</b></td>
<td width="10%"><b>Time (seconds)</b></td>
<td><b>Instance</b></td>
</tr>
<tr>
<td title='runner.TestRunner.scenario()'><b>scenario</b><br>Test class: runner.TestRunner<br>Test method: Runs Cucumber Scenarios<br>Parameters: "guru99 login test scenario", "Optional[guru99 login feature]"</td>
<td><div><pre>java.lang.IllegalArgumentException: Keys to send should be a not null CharSequence
	at org.openqa.selenium.remote.RemoteWebElement.sendKeys(RemoteWebElement.java:97)
	at pages.LoginAddCustomerPage.EnterBillingAddress(LoginAddCustomerPage.java:91)
	at stepDefinition.LoginStepDefinition.User_Enters_BillingAddress(LoginStepDefinition.java:157)
	at ?.user enters billing address from given sheetname &quot;loginDetails&quot; and rownumber 0(file:///C:/Users/Jayesh.Kulkarni/eclipse-workspace/CucumberBDDTestNG/src/test/resources/features/Login.feature:16)
</pre></div><a href='#' onClick='toggleBox("stack-trace1620253123", this, "Click to show all stack frames", "Click to hide stack frames")'>Click to show all stack frames</a>
<div class='stack-trace' id='stack-trace1620253123'><pre>java.lang.IllegalArgumentException: Keys to send should be a not null CharSequence
	at org.openqa.selenium.remote.RemoteWebElement.sendKeys(RemoteWebElement.java:97)
	at pages.LoginAddCustomerPage.EnterBillingAddress(LoginAddCustomerPage.java:91)
	at stepDefinition.LoginStepDefinition.User_Enters_BillingAddress(LoginStepDefinition.java:157)
	at ?.user enters billing address from given sheetname &quot;loginDetails&quot; and rownumber 0(file:///C:/Users/Jayesh.Kulkarni/eclipse-workspace/CucumberBDDTestNG/src/test/resources/features/Login.feature:16)
</pre></div></td>
<td>30</td>
<td>runner.TestRunner@2f217633</td></tr>
</table><p>
</body>
</html>